\BOOKMARK [1][-]{section.1}{Styl}{}% 1
\BOOKMARK [1][-]{section.2}{Otwarcie\0401C}{}% 2
\BOOKMARK [2][-]{subsection.2.1}{1C\040-\040?}{section.2}% 3
\BOOKMARK [2][-]{subsection.2.2}{1C – 1D}{section.2}% 4
\BOOKMARK [2][-]{subsection.2.3}{1C – 1H/S}{section.2}% 5
\BOOKMARK [2][-]{subsection.2.4}{1C – 1NT}{section.2}% 6
\BOOKMARK [1][-]{section.3}{Otwarcie\0401D}{}% 7
\BOOKMARK [2][-]{subsection.3.1}{1D – ?}{section.3}% 8
\BOOKMARK [1][-]{section.4}{Otwarcie\0401H}{}% 9
\BOOKMARK [2][-]{subsection.4.1}{1H – ?}{section.4}% 10
\BOOKMARK [1][-]{section.5}{Otwarcie\0401S}{}% 11
\BOOKMARK [2][-]{subsection.5.1}{1S – ?}{section.5}% 12
\BOOKMARK [1][-]{section.6}{Otwarcie\0401NT}{}% 13
\BOOKMARK [2][-]{subsection.6.1}{1NT – ?}{section.6}% 14
\BOOKMARK [1][-]{section.7}{Otwarcie\0402C}{}% 15
\BOOKMARK [2][-]{subsection.7.1}{1C – ?}{section.7}% 16
\BOOKMARK [1][-]{section.8}{Otwarcie\0402D}{}% 17
\BOOKMARK [1][-]{section.9}{Otwarcie\0402H}{}% 18
\BOOKMARK [1][-]{section.10}{Otwarcie\0402NT}{}% 19
\BOOKMARK [2][-]{subsection.10.1}{2NT – ?}{section.10}% 20
\BOOKMARK [3][-]{subsubsection.10.1.1}{2NT – 3H - ?}{subsection.10.1}% 21
\BOOKMARK [3][-]{subsubsection.10.1.2}{2NT – 3S - ?}{subsection.10.1}% 22
\BOOKMARK [1][-]{section.11}{Otwarcie\0402C}{}% 23
\BOOKMARK [2][-]{subsection.11.1}{1C – ?}{section.11}% 24
\BOOKMARK [1][-]{section.12}{Otwarcie\0402C}{}% 25
